Analysis & Synthesis report for top_level
Tue Oct 16 22:41:10 2018
Quartus Prime Version 18.0.0 Build 614 04/24/2018 SJ Lite Edition


---------------------
; Table of Contents ;
---------------------
  1. Legal Notice
  2. Analysis & Synthesis Summary
  3. Analysis & Synthesis Settings
  4. Parallel Compilation
  5. Analysis & Synthesis Source Files Read
  6. Analysis & Synthesis Resource Usage Summary
  7. Analysis & Synthesis Resource Utilization by Entity
  8. State Machine - |top_level|gcd:U_GCD|ctrl1:controller|state
  9. General Register Statistics
 10. Multiplexer Restructuring Statistics (Restructuring Performed)
 11. Parameter Settings for User Entity Instance: gcd:U_GCD
 12. Parameter Settings for User Entity Instance: gcd:U_GCD|ctrl1:controller
 13. Parameter Settings for User Entity Instance: gcd:U_GCD|ctrl1:controller|datapath1:datapath
 14. Parameter Settings for User Entity Instance: gcd:U_GCD|ctrl1:controller|datapath1:datapath|genmux:xmux
 15. Parameter Settings for User Entity Instance: gcd:U_GCD|ctrl1:controller|datapath1:datapath|genmux:ymux
 16. Parameter Settings for User Entity Instance: gcd:U_GCD|ctrl1:controller|datapath1:datapath|regis:xreg
 17. Parameter Settings for User Entity Instance: gcd:U_GCD|ctrl1:controller|datapath1:datapath|regis:yreg
 18. Parameter Settings for User Entity Instance: gcd:U_GCD|ctrl1:controller|datapath1:datapath|cmp:cmprtr
 19. Parameter Settings for User Entity Instance: gcd:U_GCD|ctrl1:controller|datapath1:datapath|subtr:xsub
 20. Parameter Settings for User Entity Instance: gcd:U_GCD|ctrl1:controller|datapath1:datapath|subtr:ysub
 21. Parameter Settings for User Entity Instance: gcd:U_GCD|ctrl1:controller|datapath1:datapath|regis:outreg
 22. Port Connectivity Checks: "gcd:U_GCD"
 23. Post-Synthesis Netlist Statistics for Top Partition
 24. Elapsed Time Per Partition
 25. Analysis & Synthesis Messages



----------------
; Legal Notice ;
----------------
Copyright (C) 2018  Intel Corporation. All rights reserved.
Your use of Intel Corporation's design tools, logic functions 
and other software and tools, and its AMPP partner logic 
functions, and any output files from any of the foregoing 
(including device programming or simulation files), and any 
associated documentation or information are expressly subject 
to the terms and conditions of the Intel Program License 
Subscription Agreement, the Intel Quartus Prime License Agreement,
the Intel FPGA IP License Agreement, or other applicable license
agreement, including, without limitation, that your use is for
the sole purpose of programming logic devices manufactured by
Intel and sold by Intel or its authorized distributors.  Please
refer to the applicable agreement for further details.



+----------------------------------------------------------------------------------+
; Analysis & Synthesis Summary                                                     ;
+------------------------------------+---------------------------------------------+
; Analysis & Synthesis Status        ; Successful - Tue Oct 16 22:41:10 2018       ;
; Quartus Prime Version              ; 18.0.0 Build 614 04/24/2018 SJ Lite Edition ;
; Revision Name                      ; top_level                                   ;
; Top-level Entity Name              ; top_level                                   ;
; Family                             ; MAX 10                                      ;
; Total logic elements               ; 62                                          ;
;     Total combinational functions  ; 53                                          ;
;     Dedicated logic registers      ; 30                                          ;
; Total registers                    ; 30                                          ;
; Total pins                         ; 28                                          ;
; Total virtual pins                 ; 0                                           ;
; Total memory bits                  ; 0                                           ;
; Embedded Multiplier 9-bit elements ; 0                                           ;
; Total PLLs                         ; 0                                           ;
; UFM blocks                         ; 0                                           ;
; ADC blocks                         ; 0                                           ;
+------------------------------------+---------------------------------------------+


+------------------------------------------------------------------------------------------------------------+
; Analysis & Synthesis Settings                                                                              ;
+------------------------------------------------------------------+--------------------+--------------------+
; Option                                                           ; Setting            ; Default Value      ;
+------------------------------------------------------------------+--------------------+--------------------+
; Device                                                           ; 10M50DAF484C7G     ;                    ;
; Top-level entity name                                            ; top_level          ; top_level          ;
; Family name                                                      ; MAX 10             ; Cyclone V          ;
; Use smart compilation                                            ; Off                ; Off                ;
; Enable parallel Assembler and Timing Analyzer during compilation ; On                 ; On                 ;
; Enable compact report table                                      ; Off                ; Off                ;
; Restructure Multiplexers                                         ; Auto               ; Auto               ;
; Create Debugging Nodes for IP Cores                              ; Off                ; Off                ;
; Preserve fewer node names                                        ; On                 ; On                 ;
; Intel FPGA IP Evaluation Mode                                    ; Enable             ; Enable             ;
; Verilog Version                                                  ; Verilog_2001       ; Verilog_2001       ;
; VHDL Version                                                     ; VHDL_1993          ; VHDL_1993          ;
; State Machine Processing                                         ; Auto               ; Auto               ;
; Safe State Machine                                               ; Off                ; Off                ;
; Extract Verilog State Machines                                   ; On                 ; On                 ;
; Extract VHDL State Machines                                      ; On                 ; On                 ;
; Ignore Verilog initial constructs                                ; Off                ; Off                ;
; Iteration limit for constant Verilog loops                       ; 5000               ; 5000               ;
; Iteration limit for non-constant Verilog loops                   ; 250                ; 250                ;
; Add Pass-Through Logic to Inferred RAMs                          ; On                 ; On                 ;
; Infer RAMs from Raw Logic                                        ; On                 ; On                 ;
; Parallel Synthesis                                               ; On                 ; On                 ;
; DSP Block Balancing                                              ; Auto               ; Auto               ;
; NOT Gate Push-Back                                               ; On                 ; On                 ;
; Power-Up Don't Care                                              ; On                 ; On                 ;
; Remove Redundant Logic Cells                                     ; Off                ; Off                ;
; Remove Duplicate Registers                                       ; On                 ; On                 ;
; Ignore CARRY Buffers                                             ; Off                ; Off                ;
; Ignore CASCADE Buffers                                           ; Off                ; Off                ;
; Ignore GLOBAL Buffers                                            ; Off                ; Off                ;
; Ignore ROW GLOBAL Buffers                                        ; Off                ; Off                ;
; Ignore LCELL Buffers                                             ; Off                ; Off                ;
; Ignore SOFT Buffers                                              ; On                 ; On                 ;
; Limit AHDL Integers to 32 Bits                                   ; Off                ; Off                ;
; Optimization Technique                                           ; Balanced           ; Balanced           ;
; Carry Chain Length                                               ; 70                 ; 70                 ;
; Auto Carry Chains                                                ; On                 ; On                 ;
; Auto Open-Drain Pins                                             ; On                 ; On                 ;
; Perform WYSIWYG Primitive Resynthesis                            ; Off                ; Off                ;
; Auto ROM Replacement                                             ; On                 ; On                 ;
; Auto RAM Replacement                                             ; On                 ; On                 ;
; Auto DSP Block Replacement                                       ; On                 ; On                 ;
; Auto Shift Register Replacement                                  ; Auto               ; Auto               ;
; Allow Shift Register Merging across Hierarchies                  ; Auto               ; Auto               ;
; Auto Clock Enable Replacement                                    ; On                 ; On                 ;
; Strict RAM Replacement                                           ; Off                ; Off                ;
; Allow Synchronous Control Signals                                ; On                 ; On                 ;
; Force Use of Synchronous Clear Signals                           ; Off                ; Off                ;
; Auto RAM Block Balancing                                         ; On                 ; On                 ;
; Auto RAM to Logic Cell Conversion                                ; Off                ; Off                ;
; Auto Resource Sharing                                            ; Off                ; Off                ;
; Allow Any RAM Size For Recognition                               ; Off                ; Off                ;
; Allow Any ROM Size For Recognition                               ; Off                ; Off                ;
; Allow Any Shift Register Size For Recognition                    ; Off                ; Off                ;
; Use LogicLock Constraints during Resource Balancing              ; On                 ; On                 ;
; Ignore translate_off and synthesis_off directives                ; Off                ; Off                ;
; Timing-Driven Synthesis                                          ; On                 ; On                 ;
; Report Parameter Settings                                        ; On                 ; On                 ;
; Report Source Assignments                                        ; On                 ; On                 ;
; Report Connectivity Checks                                       ; On                 ; On                 ;
; Ignore Maximum Fan-Out Assignments                               ; Off                ; Off                ;
; Synchronization Register Chain Length                            ; 2                  ; 2                  ;
; Power Optimization During Synthesis                              ; Normal compilation ; Normal compilation ;
; HDL message level                                                ; Level2             ; Level2             ;
; Suppress Register Optimization Related Messages                  ; Off                ; Off                ;
; Number of Removed Registers Reported in Synthesis Report         ; 5000               ; 5000               ;
; Number of Swept Nodes Reported in Synthesis Report               ; 5000               ; 5000               ;
; Number of Inverted Registers Reported in Synthesis Report        ; 100                ; 100                ;
; Clock MUX Protection                                             ; On                 ; On                 ;
; Auto Gated Clock Conversion                                      ; Off                ; Off                ;
; Block Design Naming                                              ; Auto               ; Auto               ;
; SDC constraint protection                                        ; Off                ; Off                ;
; Synthesis Effort                                                 ; Auto               ; Auto               ;
; Shift Register Replacement - Allow Asynchronous Clear Signal     ; On                 ; On                 ;
; Pre-Mapping Resynthesis Optimization                             ; Off                ; Off                ;
; Analysis & Synthesis Message Level                               ; Medium             ; Medium             ;
; Disable Register Merging Across Hierarchies                      ; Auto               ; Auto               ;
; Resource Aware Inference For Block RAM                           ; On                 ; On                 ;
+------------------------------------------------------------------+--------------------+--------------------+


+------------------------------------------+
; Parallel Compilation                     ;
+----------------------------+-------------+
; Processors                 ; Number      ;
+----------------------------+-------------+
; Number detected on machine ; 4           ;
; Maximum allowed            ; 2           ;
;                            ;             ;
; Average used               ; 1.00        ;
; Maximum used               ; 2           ;
;                            ;             ;
; Usage by Processor         ; % Time Used ;
;     Processor 1            ; 100.0%      ;
;     Processor 2            ;   0.0%      ;
+----------------------------+-------------+


+-----------------------------------------------------------------------------------------------------------------------------------------+
; Analysis & Synthesis Source Files Read                                                                                                  ;
+----------------------------------+-----------------+-----------------------+--------------------------------------------------+---------+
; File Name with User-Entered Path ; Used in Netlist ; File Type             ; File Name with Absolute Path                     ; Library ;
+----------------------------------+-----------------+-----------------------+--------------------------------------------------+---------+
; decoder7seg.vhd                  ; yes             ; User VHDL File        ; C:/intelFPGA_lite/18.0/4712/Lab5/decoder7seg.vhd ;         ;
; gcd.vhd                          ; yes             ; User VHDL File        ; C:/intelFPGA_lite/18.0/4712/Lab5/gcd.vhd         ;         ;
; datapath1.vhd                    ; yes             ; User VHDL File        ; C:/intelFPGA_lite/18.0/4712/Lab5/datapath1.vhd   ;         ;
; genmux.vhd                       ; yes             ; User VHDL File        ; C:/intelFPGA_lite/18.0/4712/Lab5/genmux.vhd      ;         ;
; regis.vhd                        ; yes             ; User VHDL File        ; C:/intelFPGA_lite/18.0/4712/Lab5/regis.vhd       ;         ;
; cmp.vhd                          ; yes             ; User VHDL File        ; C:/intelFPGA_lite/18.0/4712/Lab5/cmp.vhd         ;         ;
; ctrl1.vhd                        ; yes             ; User VHDL File        ; C:/intelFPGA_lite/18.0/4712/Lab5/ctrl1.vhd       ;         ;
; subtr.vhd                        ; yes             ; User VHDL File        ; C:/intelFPGA_lite/18.0/4712/Lab5/subtr.vhd       ;         ;
; top_level.vhd                    ; yes             ; Auto-Found VHDL File  ; C:/intelFPGA_lite/18.0/4712/Lab5/top_level.vhd   ;         ;
+----------------------------------+-----------------+-----------------------+--------------------------------------------------+---------+


+--------------------------------------------------------------+
; Analysis & Synthesis Resource Usage Summary                  ;
+---------------------------------------------+----------------+
; Resource                                    ; Usage          ;
+---------------------------------------------+----------------+
; Estimated Total logic elements              ; 62             ;
;                                             ;                ;
; Total combinational functions               ; 53             ;
; Logic element usage by number of LUT inputs ;                ;
;     -- 4 input functions                    ; 20             ;
;     -- 3 input functions                    ; 25             ;
;     -- <=2 input functions                  ; 8              ;
;                                             ;                ;
; Logic elements by mode                      ;                ;
;     -- normal mode                          ; 32             ;
;     -- arithmetic mode                      ; 21             ;
;                                             ;                ;
; Total registers                             ; 30             ;
;     -- Dedicated logic registers            ; 30             ;
;     -- I/O registers                        ; 0              ;
;                                             ;                ;
; I/O pins                                    ; 28             ;
;                                             ;                ;
; Embedded Multiplier 9-bit elements          ; 0              ;
;                                             ;                ;
; Maximum fan-out node                        ; clk50MHz~input ;
; Maximum fan-out                             ; 30             ;
; Total fan-out                               ; 339            ;
; Average fan-out                             ; 2.44           ;
+---------------------------------------------+----------------+


+-----------------------------------------------------------------------------------------------------------------------------------------------------------------------------------------------------------------------------------------------------------------------------------------+
; Analysis & Synthesis Resource Utilization by Entity                                                                                                                                                                                                                                     ;
+-------------------------------+---------------------+---------------------------+-------------+------------+--------------+---------+-----------+------+--------------+------------+-----------------------------------------------------------------------+-------------+--------------+
; Compilation Hierarchy Node    ; Combinational ALUTs ; Dedicated Logic Registers ; Memory Bits ; UFM Blocks ; DSP Elements ; DSP 9x9 ; DSP 18x18 ; Pins ; Virtual Pins ; ADC blocks ; Full Hierarchy Name                                                   ; Entity Name ; Library Name ;
+-------------------------------+---------------------+---------------------------+-------------+------------+--------------+---------+-----------+------+--------------+------------+-----------------------------------------------------------------------+-------------+--------------+
; |top_level                    ; 53 (1)              ; 30 (0)                    ; 0           ; 0          ; 0            ; 0       ; 0         ; 28   ; 0            ; 0          ; |top_level                                                            ; top_level   ; work         ;
;    |decoder7seg:U_LED0|       ; 7 (7)               ; 0 (0)                     ; 0           ; 0          ; 0            ; 0       ; 0         ; 0    ; 0            ; 0          ; |top_level|decoder7seg:U_LED0                                         ; decoder7seg ; work         ;
;    |decoder7seg:U_LED1|       ; 7 (7)               ; 0 (0)                     ; 0           ; 0          ; 0            ; 0       ; 0         ; 0    ; 0            ; 0          ; |top_level|decoder7seg:U_LED1                                         ; decoder7seg ; work         ;
;    |gcd:U_GCD|                ; 38 (0)              ; 30 (0)                    ; 0           ; 0          ; 0            ; 0       ; 0         ; 0    ; 0            ; 0          ; |top_level|gcd:U_GCD                                                  ; gcd         ; work         ;
;       |ctrl1:controller|      ; 38 (9)              ; 30 (6)                    ; 0           ; 0          ; 0            ; 0       ; 0         ; 0    ; 0            ; 0          ; |top_level|gcd:U_GCD|ctrl1:controller                                 ; ctrl1       ; work         ;
;          |datapath1:datapath| ; 29 (0)              ; 24 (0)                    ; 0           ; 0          ; 0            ; 0       ; 0         ; 0    ; 0            ; 0          ; |top_level|gcd:U_GCD|ctrl1:controller|datapath1:datapath              ; datapath1   ; work         ;
;             |cmp:cmprtr|      ; 13 (13)             ; 0 (0)                     ; 0           ; 0          ; 0            ; 0       ; 0         ; 0    ; 0            ; 0          ; |top_level|gcd:U_GCD|ctrl1:controller|datapath1:datapath|cmp:cmprtr   ; cmp         ; work         ;
;             |regis:outreg|    ; 0 (0)               ; 8 (8)                     ; 0           ; 0          ; 0            ; 0       ; 0         ; 0    ; 0            ; 0          ; |top_level|gcd:U_GCD|ctrl1:controller|datapath1:datapath|regis:outreg ; regis       ; work         ;
;             |regis:xreg|      ; 8 (8)               ; 8 (8)                     ; 0           ; 0          ; 0            ; 0       ; 0         ; 0    ; 0            ; 0          ; |top_level|gcd:U_GCD|ctrl1:controller|datapath1:datapath|regis:xreg   ; regis       ; work         ;
;             |regis:yreg|      ; 8 (8)               ; 8 (8)                     ; 0           ; 0          ; 0            ; 0       ; 0         ; 0    ; 0            ; 0          ; |top_level|gcd:U_GCD|ctrl1:controller|datapath1:datapath|regis:yreg   ; regis       ; work         ;
+-------------------------------+---------------------+---------------------------+-------------+------------+--------------+---------+-----------+------+--------------+------------+-----------------------------------------------------------------------+-------------+--------------+
Note: For table entries with two numbers listed, the numbers in parentheses indicate the number of resources of the given type used by the specific entity alone. The numbers listed outside of parentheses indicate the total resources of the given type used by the specific entity and all of its sub-entities in the hierarchy.


Encoding Type:  One-Hot
+------------------------------------------------------------------------------------------------------+
; State Machine - |top_level|gcd:U_GCD|ctrl1:controller|state                                          ;
+----------------+------------+----------------+--------------+--------------+------------+------------+
; Name           ; state.outs ; state.ldoutput ; state.ldsuby ; state.ldsubx ; state.calc ; state.inld ;
+----------------+------------+----------------+--------------+--------------+------------+------------+
; state.inld     ; 0          ; 0              ; 0            ; 0            ; 0          ; 0          ;
; state.calc     ; 0          ; 0              ; 0            ; 0            ; 1          ; 1          ;
; state.ldsubx   ; 0          ; 0              ; 0            ; 1            ; 0          ; 1          ;
; state.ldsuby   ; 0          ; 0              ; 1            ; 0            ; 0          ; 1          ;
; state.ldoutput ; 0          ; 1              ; 0            ; 0            ; 0          ; 1          ;
; state.outs     ; 1          ; 0              ; 0            ; 0            ; 0          ; 1          ;
+----------------+------------+----------------+--------------+--------------+------------+------------+


+------------------------------------------------------+
; General Register Statistics                          ;
+----------------------------------------------+-------+
; Statistic                                    ; Value ;
+----------------------------------------------+-------+
; Total registers                              ; 30    ;
; Number of registers using Synchronous Clear  ; 0     ;
; Number of registers using Synchronous Load   ; 16    ;
; Number of registers using Asynchronous Clear ; 6     ;
; Number of registers using Asynchronous Load  ; 0     ;
; Number of registers using Clock Enable       ; 30    ;
; Number of registers using Preset             ; 0     ;
+----------------------------------------------+-------+


+------------------------------------------------------------------------------------------------------------------------------------------------------------------+
; Multiplexer Restructuring Statistics (Restructuring Performed)                                                                                                   ;
+--------------------+-----------+---------------+----------------------+------------------------+------------+----------------------------------------------------+
; Multiplexer Inputs ; Bus Width ; Baseline Area ; Area if Restructured ; Saving if Restructured ; Registered ; Example Multiplexer Output                         ;
+--------------------+-----------+---------------+----------------------+------------------------+------------+----------------------------------------------------+
; 6:1                ; 2 bits    ; 8 LEs         ; 4 LEs                ; 4 LEs                  ; No         ; |top_level|gcd:U_GCD|ctrl1:controller|state.ldsubx ;
+--------------------+-----------+---------------+----------------------+------------------------+------------+----------------------------------------------------+


+--------------------------------------------------------+
; Parameter Settings for User Entity Instance: gcd:U_GCD ;
+----------------+-------+-------------------------------+
; Parameter Name ; Value ; Type                          ;
+----------------+-------+-------------------------------+
; width          ; 8     ; Signed Integer                ;
+----------------+-------+-------------------------------+
Note: In order to hide this table in the UI and the text report file, please set the "Show Parameter Settings in Synthesis Report" option in "Analysis and Synthesis Settings -> More Settings" to "Off".


+-------------------------------------------------------------------------+
; Parameter Settings for User Entity Instance: gcd:U_GCD|ctrl1:controller ;
+----------------+-------+------------------------------------------------+
; Parameter Name ; Value ; Type                                           ;
+----------------+-------+------------------------------------------------+
; width          ; 8     ; Signed Integer                                 ;
+----------------+-------+------------------------------------------------+
Note: In order to hide this table in the UI and the text report file, please set the "Show Parameter Settings in Synthesis Report" option in "Analysis and Synthesis Settings -> More Settings" to "Off".


+--------------------------------------------------------------------------------------------+
; Parameter Settings for User Entity Instance: gcd:U_GCD|ctrl1:controller|datapath1:datapath ;
+----------------+-------+-------------------------------------------------------------------+
; Parameter Name ; Value ; Type                                                              ;
+----------------+-------+-------------------------------------------------------------------+
; width          ; 8     ; Signed Integer                                                    ;
+----------------+-------+-------------------------------------------------------------------+
Note: In order to hide this table in the UI and the text report file, please set the "Show Parameter Settings in Synthesis Report" option in "Analysis and Synthesis Settings -> More Settings" to "Off".


+--------------------------------------------------------------------------------------------------------+
; Parameter Settings for User Entity Instance: gcd:U_GCD|ctrl1:controller|datapath1:datapath|genmux:xmux ;
+----------------+-------+-------------------------------------------------------------------------------+
; Parameter Name ; Value ; Type                                                                          ;
+----------------+-------+-------------------------------------------------------------------------------+
; width          ; 8     ; Signed Integer                                                                ;
+----------------+-------+-------------------------------------------------------------------------------+
Note: In order to hide this table in the UI and the text report file, please set the "Show Parameter Settings in Synthesis Report" option in "Analysis and Synthesis Settings -> More Settings" to "Off".


+--------------------------------------------------------------------------------------------------------+
; Parameter Settings for User Entity Instance: gcd:U_GCD|ctrl1:controller|datapath1:datapath|genmux:ymux ;
+----------------+-------+-------------------------------------------------------------------------------+
; Parameter Name ; Value ; Type                                                                          ;
+----------------+-------+-------------------------------------------------------------------------------+
; width          ; 8     ; Signed Integer                                                                ;
+----------------+-------+-------------------------------------------------------------------------------+
Note: In order to hide this table in the UI and the text report file, please set the "Show Parameter Settings in Synthesis Report" option in "Analysis and Synthesis Settings -> More Settings" to "Off".


+-------------------------------------------------------------------------------------------------------+
; Parameter Settings for User Entity Instance: gcd:U_GCD|ctrl1:controller|datapath1:datapath|regis:xreg ;
+----------------+-------+------------------------------------------------------------------------------+
; Parameter Name ; Value ; Type                                                                         ;
+----------------+-------+------------------------------------------------------------------------------+
; width          ; 8     ; Signed Integer                                                               ;
+----------------+-------+------------------------------------------------------------------------------+
Note: In order to hide this table in the UI and the text report file, please set the "Show Parameter Settings in Synthesis Report" option in "Analysis and Synthesis Settings -> More Settings" to "Off".


+-------------------------------------------------------------------------------------------------------+
; Parameter Settings for User Entity Instance: gcd:U_GCD|ctrl1:controller|datapath1:datapath|regis:yreg ;
+----------------+-------+------------------------------------------------------------------------------+
; Parameter Name ; Value ; Type                                                                         ;
+----------------+-------+------------------------------------------------------------------------------+
; width          ; 8     ; Signed Integer                                                               ;
+----------------+-------+------------------------------------------------------------------------------+
Note: In order to hide this table in the UI and the text report file, please set the "Show Parameter Settings in Synthesis Report" option in "Analysis and Synthesis Settings -> More Settings" to "Off".


+-------------------------------------------------------------------------------------------------------+
; Parameter Settings for User Entity Instance: gcd:U_GCD|ctrl1:controller|datapath1:datapath|cmp:cmprtr ;
+----------------+-------+------------------------------------------------------------------------------+
; Parameter Name ; Value ; Type                                                                         ;
+----------------+-------+------------------------------------------------------------------------------+
; width          ; 8     ; Signed Integer                                                               ;
+----------------+-------+------------------------------------------------------------------------------+
Note: In order to hide this table in the UI and the text report file, please set the "Show Parameter Settings in Synthesis Report" option in "Analysis and Synthesis Settings -> More Settings" to "Off".


+-------------------------------------------------------------------------------------------------------+
; Parameter Settings for User Entity Instance: gcd:U_GCD|ctrl1:controller|datapath1:datapath|subtr:xsub ;
+----------------+-------+------------------------------------------------------------------------------+
; Parameter Name ; Value ; Type                                                                         ;
+----------------+-------+------------------------------------------------------------------------------+
; width          ; 8     ; Signed Integer                                                               ;
+----------------+-------+------------------------------------------------------------------------------+
Note: In order to hide this table in the UI and the text report file, please set the "Show Parameter Settings in Synthesis Report" option in "Analysis and Synthesis Settings -> More Settings" to "Off".


+-------------------------------------------------------------------------------------------------------+
; Parameter Settings for User Entity Instance: gcd:U_GCD|ctrl1:controller|datapath1:datapath|subtr:ysub ;
+----------------+-------+------------------------------------------------------------------------------+
; Parameter Name ; Value ; Type                                                                         ;
+----------------+-------+------------------------------------------------------------------------------+
; width          ; 8     ; Signed Integer                                                               ;
+----------------+-------+------------------------------------------------------------------------------+
Note: In order to hide this table in the UI and the text report file, please set the "Show Parameter Settings in Synthesis Report" option in "Analysis and Synthesis Settings -> More Settings" to "Off".


+---------------------------------------------------------------------------------------------------------+
; Parameter Settings for User Entity Instance: gcd:U_GCD|ctrl1:controller|datapath1:datapath|regis:outreg ;
+----------------+-------+--------------------------------------------------------------------------------+
; Parameter Name ; Value ; Type                                                                           ;
+----------------+-------+--------------------------------------------------------------------------------+
; width          ; 8     ; Signed Integer                                                                 ;
+----------------+-------+--------------------------------------------------------------------------------+
Note: In order to hide this table in the UI and the text report file, please set the "Show Parameter Settings in Synthesis Report" option in "Analysis and Synthesis Settings -> More Settings" to "Off".


+-------------------------------------------+
; Port Connectivity Checks: "gcd:U_GCD"     ;
+---------+-------+----------+--------------+
; Port    ; Type  ; Severity ; Details      ;
+---------+-------+----------+--------------+
; x[7..5] ; Input ; Info     ; Stuck at GND ;
; y[7..5] ; Input ; Info     ; Stuck at GND ;
+---------+-------+----------+--------------+


+-----------------------------------------------------+
; Post-Synthesis Netlist Statistics for Top Partition ;
+-----------------------+-----------------------------+
; Type                  ; Count                       ;
+-----------------------+-----------------------------+
; boundary_port         ; 28                          ;
; cycloneiii_ff         ; 30                          ;
;     ENA               ; 8                           ;
;     ENA CLR           ; 6                           ;
;     ENA SLD           ; 16                          ;
; cycloneiii_lcell_comb ; 55                          ;
;     arith             ; 21                          ;
;         3 data inputs ; 21                          ;
;     normal            ; 34                          ;
;         0 data inputs ; 1                           ;
;         1 data inputs ; 3                           ;
;         2 data inputs ; 6                           ;
;         3 data inputs ; 4                           ;
;         4 data inputs ; 20                          ;
;                       ;                             ;
; Max LUT depth         ; 3.00                        ;
; Average LUT depth     ; 1.69                        ;
+-----------------------+-----------------------------+


+-------------------------------+
; Elapsed Time Per Partition    ;
+----------------+--------------+
; Partition Name ; Elapsed Time ;
+----------------+--------------+
; Top            ; 00:00:00     ;
+----------------+--------------+


+-------------------------------+
; Analysis & Synthesis Messages ;
+-------------------------------+
Info: *******************************************************************
Info: Running Quartus Prime Analysis & Synthesis
    Info: Version 18.0.0 Build 614 04/24/2018 SJ Lite Edition
    Info: Processing started: Tue Oct 16 22:40:56 2018
Info: Command: quartus_map --read_settings_files=on --write_settings_files=off Lab5 -c top_level
Warning (18236): Number of processors has not been specified which may cause overloading on shared machines.  Set the global assignment NUM_PARALLEL_PROCESSORS in your QSF to an appropriate value for best performance.
Info (20030): Parallel compilation is enabled and will use 2 of the 2 processors detected
Info (12021): Found 2 design units, including 1 entities, in source file decoder7seg.vhd
    Info (12022): Found design unit 1: decoder7seg-BHV File: C:/intelFPGA_lite/18.0/4712/Lab5/decoder7seg.vhd Line: 10
    Info (12023): Found entity 1: decoder7seg File: C:/intelFPGA_lite/18.0/4712/Lab5/decoder7seg.vhd Line: 4
Info (12021): Found 2 design units, including 1 entities, in source file gcd.vhd
    Info (12022): Found design unit 1: gcd-FSM File: C:/intelFPGA_lite/18.0/4712/Lab5/gcd.vhd Line: 18
    Info (12023): Found entity 1: gcd File: C:/intelFPGA_lite/18.0/4712/Lab5/gcd.vhd Line: 5
Info (12021): Found 2 design units, including 1 entities, in source file gcd_tb.vhd
    Info (12022): Found design unit 1: gcd_tb-TB File: C:/intelFPGA_lite/18.0/4712/Lab5/gcd_tb.vhd Line: 8
    Info (12023): Found entity 1: gcd_tb File: C:/intelFPGA_lite/18.0/4712/Lab5/gcd_tb.vhd Line: 5
Info (12021): Found 3 design units, including 1 entities, in source file datapath1.vhd
    Info (12022): Found design unit 1: datapath1-FSM_D1 File: C:/intelFPGA_lite/18.0/4712/Lab5/datapath1.vhd Line: 23
    Info (12022): Found design unit 2: datapath1-FSM_D2 File: C:/intelFPGA_lite/18.0/4712/Lab5/datapath1.vhd Line: 81
    Info (12023): Found entity 1: datapath1 File: C:/intelFPGA_lite/18.0/4712/Lab5/datapath1.vhd Line: 5
Info (12021): Found 2 design units, including 1 entities, in source file genmux.vhd
    Info (12022): Found design unit 1: genmux-syn File: C:/intelFPGA_lite/18.0/4712/Lab5/genmux.vhd Line: 14
    Info (12023): Found entity 1: genmux File: C:/intelFPGA_lite/18.0/4712/Lab5/genmux.vhd Line: 4
Info (12021): Found 2 design units, including 1 entities, in source file regis.vhd
    Info (12022): Found design unit 1: regis-syn File: C:/intelFPGA_lite/18.0/4712/Lab5/regis.vhd Line: 13
    Info (12023): Found entity 1: regis File: C:/intelFPGA_lite/18.0/4712/Lab5/regis.vhd Line: 4
Info (12021): Found 2 design units, including 1 entities, in source file cmp.vhd
    Info (12022): Found design unit 1: cmp-syn File: C:/intelFPGA_lite/18.0/4712/Lab5/cmp.vhd Line: 16
    Info (12023): Found entity 1: cmp File: C:/intelFPGA_lite/18.0/4712/Lab5/cmp.vhd Line: 6
Warning (12019): Can't analyze file -- file sub.vhd is missing
Info (12021): Found 2 design units, including 1 entities, in source file cmp_tb.vhd
    Info (12022): Found design unit 1: cmp_tb-TB File: C:/intelFPGA_lite/18.0/4712/Lab5/cmp_tb.vhd Line: 8
    Info (12023): Found entity 1: cmp_tb File: C:/intelFPGA_lite/18.0/4712/Lab5/cmp_tb.vhd Line: 5
Info (12021): Found 2 design units, including 1 entities, in source file ctrl1.vhd
    Info (12022): Found design unit 1: ctrl1-FSM File: C:/intelFPGA_lite/18.0/4712/Lab5/ctrl1.vhd Line: 19
    Info (12023): Found entity 1: ctrl1 File: C:/intelFPGA_lite/18.0/4712/Lab5/ctrl1.vhd Line: 5
Info (12021): Found 2 design units, including 1 entities, in source file subtr.vhd
    Info (12022): Found design unit 1: subtr-syn File: C:/intelFPGA_lite/18.0/4712/Lab5/subtr.vhd Line: 14
    Info (12023): Found entity 1: subtr File: C:/intelFPGA_lite/18.0/4712/Lab5/subtr.vhd Line: 6
Info (12021): Found 2 design units, including 1 entities, in source file genmux_tb.vhd
    Info (12022): Found design unit 1: genmux_tb-TB File: C:/intelFPGA_lite/18.0/4712/Lab5/genmux_tb.vhd Line: 8
    Info (12023): Found entity 1: genmux_tb File: C:/intelFPGA_lite/18.0/4712/Lab5/genmux_tb.vhd Line: 5
Warning (12125): Using design file top_level.vhd, which is not specified as a design file for the current project, but contains definitions for 2 design units and 1 entities in project
    Info (12022): Found design unit 1: top_level-STR File: C:/intelFPGA_lite/18.0/4712/Lab5/top_level.vhd Line: 25
    Info (12023): Found entity 1: top_level File: C:/intelFPGA_lite/18.0/4712/Lab5/top_level.vhd Line: 14
Info (12127): Elaborating entity "top_level" for the top level hierarchy
Info (12128): Elaborating entity "gcd" for hierarchy "gcd:U_GCD" File: C:/intelFPGA_lite/18.0/4712/Lab5/top_level.vhd Line: 51
Info (12128): Elaborating entity "ctrl1" for hierarchy "gcd:U_GCD|ctrl1:controller" File: C:/intelFPGA_lite/18.0/4712/Lab5/gcd.vhd Line: 35
Warning (10492): VHDL Process Statement warning at ctrl1.vhd(63): signal "rst" is read inside the Process Statement but isn't in the Process Statement's sensitivity list File: C:/intelFPGA_lite/18.0/4712/Lab5/ctrl1.vhd Line: 63
Warning (10492): VHDL Process Statement warning at ctrl1.vhd(65): signal "go" is read inside the Process Statement but isn't in the Process Statement's sensitivity list File: C:/intelFPGA_lite/18.0/4712/Lab5/ctrl1.vhd Line: 65
Info (12129): Elaborating entity "datapath1" using architecture "A:fsm_d1" for hierarchy "gcd:U_GCD|ctrl1:controller|datapath1:datapath" File: C:/intelFPGA_lite/18.0/4712/Lab5/ctrl1.vhd Line: 45
Info (12128): Elaborating entity "genmux" for hierarchy "gcd:U_GCD|ctrl1:controller|datapath1:datapath|genmux:xmux" File: C:/intelFPGA_lite/18.0/4712/Lab5/datapath1.vhd Line: 63
Info (12128): Elaborating entity "regis" for hierarchy "gcd:U_GCD|ctrl1:controller|datapath1:datapath|regis:xreg" File: C:/intelFPGA_lite/18.0/4712/Lab5/datapath1.vhd Line: 67
Warning (10492): VHDL Process Statement warning at regis.vhd(19): signal "en" is read inside the Process Statement but isn't in the Process Statement's sensitivity list File: C:/intelFPGA_lite/18.0/4712/Lab5/regis.vhd Line: 19
Info (12128): Elaborating entity "cmp" for hierarchy "gcd:U_GCD|ctrl1:controller|datapath1:datapath|cmp:cmprtr" File: C:/intelFPGA_lite/18.0/4712/Lab5/datapath1.vhd Line: 71
Info (12128): Elaborating entity "subtr" for hierarchy "gcd:U_GCD|ctrl1:controller|datapath1:datapath|subtr:xsub" File: C:/intelFPGA_lite/18.0/4712/Lab5/datapath1.vhd Line: 73
Info (12128): Elaborating entity "decoder7seg" for hierarchy "decoder7seg:U_LED1" File: C:/intelFPGA_lite/18.0/4712/Lab5/top_level.vhd Line: 61
Info (286030): Timing-Driven Synthesis is running
Info (16010): Generating hard_block partition "hard_block:auto_generated_inst"
    Info (16011): Adding 0 node(s), including 0 DDIO, 0 PLL, 0 transceiver and 0 LCELL
Info (21057): Implemented 90 device resources after synthesis - the final resource count might be different
    Info (21058): Implemented 13 input pins
    Info (21059): Implemented 15 output pins
    Info (21061): Implemented 62 logic cells
Info: Quartus Prime Analysis & Synthesis was successful. 0 errors, 6 warnings
    Info: Peak virtual memory: 4813 megabytes
    Info: Processing ended: Tue Oct 16 22:41:10 2018
    Info: Elapsed time: 00:00:14
    Info: Total CPU time (on all processors): 00:00:29


